<?xml version="1.0" encoding="UTF-8"?>
<robot generator="Robot 3.1.2 (Python 3.8.2 on win32)" generated="20200514 15:39:32.491" rpa="false">
<suite id="s1" name="SDET.task" source="C:\Users\HOME\eclipse-workspace\SDET.task">
<suite id="s1-s1" name="Registration" source="C:\Users\HOME\eclipse-workspace\SDET.task\Registration">
<suite id="s1-s1-s1" name="TEST" source="C:\Users\HOME\eclipse-workspace\SDET.task\Registration\TEST.robot">
<test id="s1-s1-s1-t1" name="happysenario">
<kw name="Open Browser" library="SeleniumLibrary">
<doc>Opens a new browser instance to the optional ``url``.</doc>
<arguments>
<arg>https://www.phptravels.net/register</arg>
<arg>Firefox</arg>
</arguments>
<msg timestamp="20200514 15:39:36.283" level="INFO">Opening browser 'Firefox' to base url 'https://www.phptravels.net/register'.</msg>
<msg timestamp="20200514 15:39:36.317" level="INFO">Firefox driver log is always forced to to: C:\Users\HOME\eclipse-workspace\SDET.task\geckodriver-6.log</msg>
<status status="PASS" starttime="20200514 15:39:36.280" endtime="20200514 15:40:17.122"></status>
</kw>
<kw name="Maximize Browser Window" library="SeleniumLibrary">
<doc>Maximizes current browser window.</doc>
<status status="PASS" starttime="20200514 15:40:17.125" endtime="20200514 15:40:17.149"></status>
</kw>
<kw name="Input Text" library="SeleniumLibrary">
<doc>Types the given ``text`` into the text field identified by ``locator``.</doc>
<arguments>
<arg>/html/body/div[2]/div[1]/section/div/div/div[2]/div/form/div[3]/div[1]/div/label/input</arg>
<arg>Moamen</arg>
</arguments>
<msg timestamp="20200514 15:40:17.154" level="INFO">Typing text 'Moamen' into text field '/html/body/div[2]/div[1]/section/div/div/div[2]/div/form/div[3]/div[1]/div/label/input'.</msg>
<kw name="Capture Page Screenshot" library="SeleniumLibrary">
<doc>Takes a screenshot of the current page and embeds it into a log file.</doc>
<msg timestamp="20200514 15:40:17.890" level="INFO" html="yes">&lt;/td&gt;&lt;/tr&gt;&lt;tr&gt;&lt;td colspan="3"&gt;&lt;a href="selenium-screenshot-3.png"&gt;&lt;img src="selenium-screenshot-3.png" width="800px"&gt;&lt;/a&gt;</msg>
<status status="PASS" starttime="20200514 15:40:17.194" endtime="20200514 15:40:17.891"></status>
</kw>
<msg timestamp="20200514 15:40:17.979" level="FAIL">Element with locator '/html/body/div[2]/div[1]/section/div/div/div[2]/div/form/div[3]/div[1]/div/label/input' not found.</msg>
<status status="FAIL" starttime="20200514 15:40:17.151" endtime="20200514 15:40:17.980"></status>
</kw>
<status status="FAIL" starttime="20200514 15:39:36.274" endtime="20200514 15:40:17.982" critical="yes">Element with locator '/html/body/div[2]/div[1]/section/div/div/div[2]/div/form/div[3]/div[1]/div/label/input' not found.</status>
</test>
<status status="FAIL" starttime="20200514 15:39:33.257" endtime="20200514 15:40:17.988"></status>
</suite>
<status status="FAIL" starttime="20200514 15:39:33.243" endtime="20200514 15:40:18.002"></status>
</suite>
<status status="FAIL" starttime="20200514 15:39:33.077" endtime="20200514 15:40:18.011"></status>
</suite>
<statistics>
<total>
<stat pass="0" fail="1">Critical Tests</stat>
<stat pass="0" fail="1">All Tests</stat>
</total>
<tag>
</tag>
<suite>
<stat pass="0" fail="1" id="s1" name="SDET.task">SDET.task</stat>
<stat pass="0" fail="1" id="s1-s1" name="Registration">SDET.task.Registration</stat>
<stat pass="0" fail="1" id="s1-s1-s1" name="TEST">SDET.task.Registration.TEST</stat>
</suite>
</statistics>
<errors>
</errors>
</robot>
